<?xml version="1.0" encoding="UTF-8"?>
<testng-results ignored="0" total="1" passed="1" failed="0" skipped="0">
  <reporter-output>
  </reporter-output>
  <suite started-at="2021-07-17T19:17:40 MDT" name="Default suite" finished-at="2021-07-17T19:17:52 MDT" duration-ms="12001">
    <groups>
    </groups>
    <test started-at="2021-07-17T19:17:40 MDT" name="Default test" finished-at="2021-07-17T19:17:52 MDT" duration-ms="12001">
      <class name="db.DatabaseTesting.Jdbcconnection">
        <test-method signature="connection()[pri:0, instance:db.DatabaseTesting.Jdbcconnection@212b5695]" started-at="2021-07-17T19:17:40 MDT" name="connection" finished-at="2021-07-17T19:17:52 MDT" duration-ms="11940" status="PASS">
          <reporter-output>
          </reporter-output>
        </test-method> <!-- connection -->
      </class> <!-- db.DatabaseTesting.Jdbcconnection -->
    </test> <!-- Default test -->
  </suite> <!-- Default suite -->
</testng-results>
